


materialPath: C:\Program Files (x86)\Steam\steamapps\common\Counter-Strike Global Offensive\csgo\materials
Loading c:\users\quinn\projects\csgo\cs_interstate\cs_interstate.vmf
Map revision 2443
Can't find surfaceprop WoodWood_Lowdensity for material Q_CUSTOM/CORK, using default
Patching WVT material: maps/cs_interstate/concrete/hr_c/hr_concrete_floor_05_blend_wvt_patch
Patching WVT material: maps/cs_interstate/asphalt/hr_c/hr_asphalt_gravel_blend_001_wvt_patch
Patching WVT material: maps/cs_interstate/concrete/hr_vertigo_concrete_wallc_blend_wvt_patch
fixing up env_cubemap materials on brush sides...
0...1...2...3...4...5...6...7...8...9...100...1...2...3...4...5...6...7...8...9...10Processing areas...done (0)
Building Faces...done (0)
Chop Details...done (0)
Find Visible Detail Sides...
Merged 12 detail faces...done (0)
Merging details...done (0)
FixTjuncs...
PruneNodes...
WriteBSP...
done (0)
writing c:\users\quinn\projects\csgo\cs_interstate\cs_interstate.prt...Building visibility clusters...
AutoVisClustering (threshold=-1) matched 0 leafs.
done (0)
Finding displacement neighbors...
Finding lightmap sample positions...
Displacement Alpha : 0...1...2...3...4...5...6...7...8...9...10
Building Physics collision data...
done (0) (366831 bytes)
Placing detail props : 0...1...2...3...4...5...6...7...8...9...10
Water found with no water_lod_control entity, creating a default one.
Compacting texture/material tables...
Reduced 2623 texinfos to 1240
Reduced 183 texdatas to 150 (8175 bytes to 6668)
Writing c:\users\quinn\projects\csgo\cs_interstate\cs_interstate.bsp
MSG_FILEWRITE - Filesystem was asked to write to 'c:\users\quinn\projects\csgo\cs_interstate\cs_interstate.bsp', but we don't own that location. Allowing...
3 seconds elapsed



24 threads
reading c:\users\quinn\projects\csgo\cs_interstate\cs_interstate.bsp
reading c:\users\quinn\projects\csgo\cs_interstate\cs_interstate.prt
1198 portalclusters
3221 numportals
0...1...2...3...4...5...6...7...8...9...10Optimized: 33895 visible clusters (0.00%)
Total clusters visible: 1239043
Average clusters visible: 1034
Building PAS...
Average clusters audible: 1194
visdatasize:364874  compressed from 364192
writing c:\users\quinn\projects\csgo\cs_interstate\cs_interstate.bsp
MSG_FILEWRITE - Filesystem was asked to write to 'c:\users\quinn\projects\csgo\cs_interstate\cs_interstate.bsp', but we don't own that location. Allowing...
0 seconds elapsed



[Reading texlights from 'lights.rad']
[40 texlights parsed from 'lights.rad']

Loading c:\users\quinn\projects\csgo\cs_interstate\cs_interstate.bsp
5401 faces
8889303 square feet [1280059648.00 square inches]
198 Displacements
1485770 Square Feet [213950960.00 Square Inches]
5401 patches before subdivision
174105 patches after subdivision
49 direct lights
0...1...2...3...4...5...6...7...8...9...100...1...2...3...4...5...6...7...8...9...10transfers 12760812, max 653
transfer lists:  97.4 megs
0...1...2...3...4...5...6...7...8...9...10	Bounce #1 added RGB(276865, 306973, 342616)
0...1...2...3...4...5...6...7...8...9...10	Bounce #2 added RGB(35888, 32887, 29681)
Build Patch/Sample Hash Table(s).....Done<0.0480 sec>
0...1...2...3...4...5...6...7...8...9...10FinalLightFace Done
0 of 0 (0% of) surface lights went in leaf ambient cubes.
0...1...2...3...4...5...6...7...8...9...10Writing leaf ambient...done
Computing static prop lighting : 00...1...2...3...4...5...6...7...8...9...10
Ready to Finish

Object names       Objects/Maxobjs  Memory / Maxmem  Fullness 
------------       ---------------  ---------------  -------- 
models                  29/1024         1392/49152    ( 2.8%) 
brushes                956/8192        11472/98304    (11.7%) 
brushsides            6630/81920       53040/655360   ( 8.1%) 
planes                2384/65536       47680/1310720  ( 3.6%) 
vertexes              7430/65536       89160/786432   (11.3%) 
nodes                 2958/65536       94656/2097152  ( 4.5%) 
texinfos              1240/12288       89280/884736   (10.1%) 
texdata                150/4096         4800/131072   ( 3.7%) 
dispinfos              198/0           34848/0        ( 0.0%) 
disp_verts            5734/0          114680/0        ( 0.0%) 
disp_tris             7680/0           15360/0        ( 0.0%) 
disp_multiblend          0/0               0/0        ( 0.0%) 
disp_lmsamples     3190760/0         3190760/0        ( 0.0%) 
faces                 5401/65536      302456/3670016  ( 8.2%) 
hdr faces                0/65536           0/3670016  ( 0.0%) 
origfaces             2542/65536      142352/3670016  ( 3.9%) 
facebrushes            941/0            1882/0        ( 0.0%) 
facebrushlists        5401/0           21604/0        ( 0.0%) 
leaves                2988/65536       95616/2097152  ( 4.6%) 
leaffaces             6014/65536       12028/131072   ( 9.2%) 
leafbrushes           2714/65536        5428/131072   ( 4.1%) 
areas                    2/1024           16/8192     ( 0.2%) 
surfedges            34585/512000     138340/2048000  ( 6.8%) 
edges                20388/256000      81552/1024000  ( 8.0%) 
LDR worldlights         49/8192         4900/819200   ( 0.6%) 
HDR worldlights          0/8192            0/819200   ( 0.0%) 
leafwaterdata            1/32768          12/393216   ( 0.0%) 
waterstrips            271/32768        2710/327680   ( 0.8%) 
waterverts               0/65536           0/786432   ( 0.0%) 
waterindices          5691/65536       11382/131072   ( 8.7%) 
cubemapsamples          33/1024          528/16384    ( 3.2%) 
overlays                27/1024         9504/360448   ( 2.6%) 
LDR lightdata         [variable]    21611844/0        ( 0.0%) 
HDR lightdata         [variable]           0/0        ( 0.0%) 
visdata               [variable]      364874/16777216 ( 2.2%) 
entdata               [variable]       59649/393216   (15.2%) 
LDR ambient table     2988/65536       11952/262144   ( 4.6%) 
HDR ambient table     2988/65536       11952/262144   ( 4.6%) 
LDR leaf ambient     14080/65536      394240/1835008  (21.5%) 
HDR leaf ambient      2988/65536       83664/1835008  ( 4.6%) 
occluders                0/0               0/0        ( 0.0%) 
occluder polygons        0/0               0/0        ( 0.0%) 
occluder vert ind        0/0               0/0        ( 0.0%) 
detail props          [variable]           1/12       ( 8.3%) 
static props          [variable]           1/79174    ( 0.0%) 
pakfile               [variable]    13002896/0        ( 0.0%) 
physics               [variable]      366831/4194304  ( 8.7%) 
physics terrain       [variable]       26764/1048576  ( 2.6%) 

Level flags = 7d

Total triangle count: 13636
Writing c:\users\quinn\projects\csgo\cs_interstate\cs_interstate.bsp
MSG_FILEWRITE - Filesystem was asked to write to 'c:\users\quinn\projects\csgo\cs_interstate\cs_interstate.bsp', but we don't own that location. Allowing...
2 minutes, 12 seconds elapsed



materialPath: C:\Program Files (x86)\Steam\steamapps\common\Counter-Strike Global Offensive\csgo\materials
Loading c:\users\quinn\projects\csgo\cs_interstate\cs_interstate.vmf
Map revision 2513
Error: displacement found on a(n) func_detail entity - not supported (entity 10, brush 0)



materialPath: C:\Program Files (x86)\Steam\steamapps\common\Counter-Strike Global Offensive\csgo\materials
Loading c:\users\quinn\projects\csgo\cs_interstate\cs_interstate.vmf
Map revision 2513
Error: displacement found on a(n) func_detail entity - not supported (entity 10, brush 0)



materialPath: C:\Program Files (x86)\Steam\steamapps\common\Counter-Strike Global Offensive\csgo\materials
Loading c:\users\quinn\projects\csgo\cs_interstate\cs_interstate.vmf
Map revision 2513
Error: displacement found on a(n) func_detail entity - not supported (entity 10, brush 0)



materialPath: C:\Program Files (x86)\Steam\steamapps\common\Counter-Strike Global Offensive\csgo\materials
Loading c:\users\quinn\projects\csgo\cs_interstate\cs_interstate.vmf
Map revision 2516
Can't find surfaceprop WoodWood_Lowdensity for material Q_CUSTOM/CORK, using default
Patching WVT material: maps/cs_interstate/concrete/hr_c/hr_concrete_floor_05_blend_wvt_patch
Patching WVT material: maps/cs_interstate/asphalt/hr_c/hr_asphalt_gravel_blend_001_wvt_patch
Patching WVT material: maps/cs_interstate/concrete/hr_vertigo_concrete_wallc_blend_wvt_patch
fixing up env_cubemap materials on brush sides...
0...1...2...3...4...5...6...7...8...9...100...1...2...3...4...5...6...7...8...9...10Processing areas...done (0)
Building Faces...done (0)
Chop Details...done (0)
Find Visible Detail Sides...
Merged 12 detail faces...done (0)
Merging details...done (0)
FixTjuncs...
PruneNodes...
WriteBSP...
done (0)
writing c:\users\quinn\projects\csgo\cs_interstate\cs_interstate.prt...Building visibility clusters...
AutoVisClustering (threshold=-1) matched 0 leafs.
done (0)
Finding displacement neighbors...
Finding lightmap sample positions...
Displacement Alpha : 0...1...2...3...4...5...6...7...8...9...10
Building Physics collision data...
done (0) (380100 bytes)
Placing detail props : 0...1...2...3...4...5...6...7...8...9...10
Water found with no water_lod_control entity, creating a default one.
Compacting texture/material tables...
Reduced 2679 texinfos to 1282
Reduced 186 texdatas to 152 (8328 bytes to 6749)
Writing c:\users\quinn\projects\csgo\cs_interstate\cs_interstate.bsp
MSG_FILEWRITE - Filesystem was asked to write to 'c:\users\quinn\projects\csgo\cs_interstate\cs_interstate.bsp', but we don't own that location. Allowing...
3 seconds elapsed



24 threads
reading c:\users\quinn\projects\csgo\cs_interstate\cs_interstate.bsp
reading c:\users\quinn\projects\csgo\cs_interstate\cs_interstate.prt
1373 portalclusters
3908 numportals
0...1...2...3...4...5...6...7...8...9...10Optimized: 40604 visible clusters (0.00%)
Total clusters visible: 1653461
Average clusters visible: 1204
Building PAS...
Average clusters audible: 1368
visdatasize:477437  compressed from 483296
writing c:\users\quinn\projects\csgo\cs_interstate\cs_interstate.bsp
MSG_FILEWRITE - Filesystem was asked to write to 'c:\users\quinn\projects\csgo\cs_interstate\cs_interstate.bsp', but we don't own that location. Allowing...
0 seconds elapsed



[Reading texlights from 'lights.rad']
[40 texlights parsed from 'lights.rad']

Loading c:\users\quinn\projects\csgo\cs_interstate\cs_interstate.bsp
5704 faces
8864489 square feet [1276486400.00 square inches]
198 Displacements
1486008 Square Feet [213985184.00 Square Inches]
5704 patches before subdivision
172686 patches after subdivision
49 direct lights
0...1...2...3...4...5...6...7...8...9...100...1...2...3...4...5...6...7...8...9...10transfers 13003781, max 684
transfer lists:  99.2 megs
0...1...2...3...4...5...6...7...8...9...10	Bounce #1 added RGB(278851, 308515, 341897)
0...1...2...3...4...5...6...7...8...9...10	Bounce #2 added RGB(35950, 32919, 29583)
Build Patch/Sample Hash Table(s).....Done<0.0419 sec>
0...1...2...3...4...5...6...7...8...9...10FinalLightFace Done
0 of 0 (0% of) surface lights went in leaf ambient cubes.
0...1...2...3...4...5...6...7...8...9...10Writing leaf ambient...done
Computing static prop lighting : 00...1...2...3...4...5...6...7...8...9...10
Ready to Finish

Object names       Objects/Maxobjs  Memory / Maxmem  Fullness 
------------       ---------------  ---------------  -------- 
models                  29/1024         1392/49152    ( 2.8%) 
brushes                988/8192        11856/98304    (12.1%) 
brushsides            7174/81920       57392/655360   ( 8.8%) 
planes                3016/65536       60320/1310720  ( 4.6%) 
vertexes              7793/65536       93516/786432   (11.9%) 
nodes                 3228/65536      103296/2097152  ( 4.9%) 
texinfos              1282/12288       92304/884736   (10.4%) 
texdata                152/4096         4864/131072   ( 3.7%) 
dispinfos              198/0           34848/0        ( 0.0%) 
disp_verts            5902/0          118040/0        ( 0.0%) 
disp_tris             7968/0           15936/0        ( 0.0%) 
disp_multiblend          0/0               0/0        ( 0.0%) 
disp_lmsamples     3190760/0         3190760/0        ( 0.0%) 
faces                 5704/65536      319424/3670016  ( 8.7%) 
hdr faces                0/65536           0/3670016  ( 0.0%) 
origfaces             2668/65536      149408/3670016  ( 4.1%) 
facebrushes           1165/0            2330/0        ( 0.0%) 
facebrushlists        5704/0           22816/0        ( 0.0%) 
leaves                3258/65536      104256/2097152  ( 5.0%) 
leaffaces             6357/65536       12714/131072   ( 9.7%) 
leafbrushes           3014/65536        6028/131072   ( 4.6%) 
areas                    2/1024           16/8192     ( 0.2%) 
surfedges            36444/512000     145776/2048000  ( 7.1%) 
edges                21573/256000      86292/1024000  ( 8.4%) 
LDR worldlights         49/8192         4900/819200   ( 0.6%) 
HDR worldlights          0/8192            0/819200   ( 0.0%) 
leafwaterdata            2/32768          24/393216   ( 0.0%) 
waterstrips            316/32768        3160/327680   ( 1.0%) 
waterverts               0/65536           0/786432   ( 0.0%) 
waterindices          6243/65536       12486/131072   ( 9.5%) 
cubemapsamples          33/1024          528/16384    ( 3.2%) 
overlays                32/1024        11264/360448   ( 3.1%) 
LDR lightdata         [variable]    21598284/0        ( 0.0%) 
HDR lightdata         [variable]           0/0        ( 0.0%) 
visdata               [variable]      477437/16777216 ( 2.8%) 
entdata               [variable]       59649/393216   (15.2%) 
LDR ambient table     3258/65536       13032/262144   ( 5.0%) 
HDR ambient table     3258/65536       13032/262144   ( 5.0%) 
LDR leaf ambient     15989/65536      447692/1835008  (24.4%) 
HDR leaf ambient      3258/65536       91224/1835008  ( 5.0%) 
occluders                0/0               0/0        ( 0.0%) 
occluder polygons        0/0               0/0        ( 0.0%) 
occluder vert ind        0/0               0/0        ( 0.0%) 
detail props          [variable]           1/12       ( 8.3%) 
static props          [variable]           1/81544    ( 0.0%) 
pakfile               [variable]    13030024/0        ( 0.0%) 
physics               [variable]      380100/4194304  ( 9.1%) 
physics terrain       [variable]       26988/1048576  ( 2.6%) 

Level flags = 7d

Total triangle count: 14399
Writing c:\users\quinn\projects\csgo\cs_interstate\cs_interstate.bsp
MSG_FILEWRITE - Filesystem was asked to write to 'c:\users\quinn\projects\csgo\cs_interstate\cs_interstate.bsp', but we don't own that location. Allowing...
2 minutes, 0 seconds elapsed



materialPath: C:\Program Files (x86)\Steam\steamapps\common\Counter-Strike Global Offensive\csgo\materials
Loading c:\users\quinn\projects\csgo\cs_interstate\cs_interstate.vmf
Map revision 2572
Can't find surfaceprop WoodWood_Lowdensity for material Q_CUSTOM/CORK, using default
Patching WVT material: maps/cs_interstate/concrete/hr_c/hr_concrete_floor_05_blend_wvt_patch
Patching WVT material: maps/cs_interstate/asphalt/hr_c/hr_asphalt_gravel_blend_001_wvt_patch
Patching WVT material: maps/cs_interstate/concrete/hr_vertigo_concrete_wallc_blend_wvt_patch
fixing up env_cubemap materials on brush sides...
0...1...2...3...4...5...6...7...8...9...100...1...2...3...4...5...6...7...8...9...10Processing areas...done (0)
Building Faces...done (0)
Chop Details...done (0)
Find Visible Detail Sides...
Merged 18 detail faces...done (0)
Merging details...done (0)
FixTjuncs...
PruneNodes...
WriteBSP...
done (0)
writing c:\users\quinn\projects\csgo\cs_interstate\cs_interstate.prt...Building visibility clusters...
AutoVisClustering (threshold=-1) matched 0 leafs.
done (0)
Finding displacement neighbors...
Finding lightmap sample positions...
Displacement Alpha : 0...1...2...3...4...5...6...7...8...9...10
Building Physics collision data...
done (1) (434151 bytes)
Placing detail props : 0...1...2...3...4...5...6...7...8...9...10
Water found with no water_lod_control entity, creating a default one.
Compacting texture/material tables...
Reduced 2902 texinfos to 1446
Reduced 187 texdatas to 154 (8285 bytes to 6778)
Writing c:\users\quinn\projects\csgo\cs_interstate\cs_interstate.bsp
MSG_FILEWRITE - Filesystem was asked to write to 'c:\users\quinn\projects\csgo\cs_interstate\cs_interstate.bsp', but we don't own that location. Allowing...
4 seconds elapsed



24 threads
reading c:\users\quinn\projects\csgo\cs_interstate\cs_interstate.bsp
reading c:\users\quinn\projects\csgo\cs_interstate\cs_interstate.prt
1302 portalclusters
3607 numportals
0...1...2...3...4...5...6...7...8...9...10Optimized: 40131 visible clusters (0.00%)
Total clusters visible: 1471057
Average clusters visible: 1129
Building PAS...
Average clusters audible: 1297
visdatasize:429217  compressed from 437472
writing c:\users\quinn\projects\csgo\cs_interstate\cs_interstate.bsp
MSG_FILEWRITE - Filesystem was asked to write to 'c:\users\quinn\projects\csgo\cs_interstate\cs_interstate.bsp', but we don't own that location. Allowing...
0 seconds elapsed



[Reading texlights from 'lights.rad']
[40 texlights parsed from 'lights.rad']

Loading c:\users\quinn\projects\csgo\cs_interstate\cs_interstate.bsp
6293 faces
8876286 square feet [1278185216.00 square inches]
198 Displacements
1486014 Square Feet [213986144.00 Square Inches]
6293 patches before subdivision
176355 patches after subdivision
49 direct lights
0...1...2...3...4...5...6...7...8...9...100...1...2...3...4...5...6...7...8...9...10transfers 14777479, max 862
transfer lists: 112.7 megs
0...1...2...3...4...5...6...7...8...9...10	Bounce #1 added RGB(338880, 370359, 409466)
0...1...2...3...4...5...6...7...8...9...10	Bounce #2 added RGB(41648, 38534, 35097)
Build Patch/Sample Hash Table(s).....Done<0.0423 sec>
0...1...2...3...4...5...6...7...8...9...10FinalLightFace Done
0 of 0 (0% of) surface lights went in leaf ambient cubes.
0...1...2...3...4...5...6...7...8...9...10Writing leaf ambient...done
Computing static prop lighting : 00...1...2...3...4...5...6...7...8...9...10
Ready to Finish

Object names       Objects/Maxobjs  Memory / Maxmem  Fullness 
------------       ---------------  ---------------  -------- 
models                  29/1024         1392/49152    ( 2.8%) 
brushes               1125/8192        13500/98304    (13.7%) 
brushsides            8621/81920       68968/655360   (10.5%) 
planes                4754/65536       95080/1310720  ( 7.3%) 
vertexes              8880/65536      106560/786432   (13.5%) 
nodes                 3116/65536       99712/2097152  ( 4.8%) 
texinfos              1446/12288      104112/884736   (11.8%) 
texdata                154/4096         4928/131072   ( 3.8%) 
dispinfos              198/0           34848/0        ( 0.0%) 
disp_verts            5902/0          118040/0        ( 0.0%) 
disp_tris             7968/0           15936/0        ( 0.0%) 
disp_multiblend          0/0               0/0        ( 0.0%) 
disp_lmsamples     3190760/0         3190760/0        ( 0.0%) 
faces                 6293/65536      352408/3670016  ( 9.6%) 
hdr faces                0/65536           0/3670016  ( 0.0%) 
origfaces             3262/65536      182672/3670016  ( 5.0%) 
facebrushes           1152/0            2304/0        ( 0.0%) 
facebrushlists        6293/0           25172/0        ( 0.0%) 
leaves                3146/65536      100672/2097152  ( 4.8%) 
leaffaces             7293/65536       14586/131072   (11.1%) 
leafbrushes           3117/65536        6234/131072   ( 4.8%) 
areas                    2/1024           16/8192     ( 0.2%) 
surfedges            42411/512000     169644/2048000  ( 8.3%) 
edges                25296/256000     101184/1024000  ( 9.9%) 
LDR worldlights         49/8192         4900/819200   ( 0.6%) 
HDR worldlights          0/8192            0/819200   ( 0.0%) 
leafwaterdata            1/32768          12/393216   ( 0.0%) 
waterstrips            425/32768        4250/327680   ( 1.3%) 
waterverts               0/65536           0/786432   ( 0.0%) 
waterindices          9501/65536       19002/131072   (14.5%) 
cubemapsamples          33/1024          528/16384    ( 3.2%) 
overlays                32/1024        11264/360448   ( 3.1%) 
LDR lightdata         [variable]    21945932/0        ( 0.0%) 
HDR lightdata         [variable]           0/0        ( 0.0%) 
visdata               [variable]      429217/16777216 ( 2.6%) 
entdata               [variable]       59648/393216   (15.2%) 
LDR ambient table     3146/65536       12584/262144   ( 4.8%) 
HDR ambient table     3146/65536       12584/262144   ( 4.8%) 
LDR leaf ambient     15406/65536      431368/1835008  (23.5%) 
HDR leaf ambient      3146/65536       88088/1835008  ( 4.8%) 
occluders                0/0               0/0        ( 0.0%) 
occluder polygons        0/0               0/0        ( 0.0%) 
occluder vert ind        0/0               0/0        ( 0.0%) 
detail props          [variable]           1/12       ( 8.3%) 
static props          [variable]           1/81726    ( 0.0%) 
pakfile               [variable]    13081744/0        ( 0.0%) 
physics               [variable]      434151/4194304  (10.4%) 
physics terrain       [variable]       27170/1048576  ( 2.6%) 

Level flags = 7d

Total triangle count: 16816
Writing c:\users\quinn\projects\csgo\cs_interstate\cs_interstate.bsp
MSG_FILEWRITE - Filesystem was asked to write to 'c:\users\quinn\projects\csgo\cs_interstate\cs_interstate.bsp', but we don't own that location. Allowing...
2 minutes, 12 seconds elapsed



materialPath: C:\Program Files (x86)\Steam\steamapps\common\Counter-Strike Global Offensive\csgo\materials
Loading c:\users\quinn\projects\csgo\cs_interstate\cs_interstate.vmf
Map revision 2689
Can't find surfaceprop WoodWood_Lowdensity for material Q_CUSTOM/CORK, using default
Patching WVT material: maps/cs_interstate/concrete/hr_c/hr_concrete_floor_05_blend_wvt_patch
Patching WVT material: maps/cs_interstate/asphalt/hr_c/hr_asphalt_gravel_blend_001_wvt_patch
Patching WVT material: maps/cs_interstate/concrete/hr_vertigo_concrete_wallc_blend_wvt_patch
fixing up env_cubemap materials on brush sides...
0...1...2...3...4...5...6...7...8...9...100...1...2...3...4...5...6...7...8...9...10Processing areas...done (0)
Building Faces...done (0)
Chop Details...done (0)
Find Visible Detail Sides...
Merged 18 detail faces...done (0)
Merging details...done (0)
FixTjuncs...
PruneNodes...
WriteBSP...
done (0)
writing c:\users\quinn\projects\csgo\cs_interstate\cs_interstate.prt...Building visibility clusters...
AutoVisClustering (threshold=-1) matched 0 leafs.
done (0)
Finding displacement neighbors...
Finding lightmap sample positions...
Displacement Alpha : 0...1...2...3...4...5...6...7...8...9...10
Building Physics collision data...
done (0) (413583 bytes)
Placing detail props : 0...1...2...3...4...5...6...7...8...9...10
Water found with no water_lod_control entity, creating a default one.
Compacting texture/material tables...
Reduced 2936 texinfos to 1444
Reduced 200 texdatas to 165 (8766 bytes to 7186)
Writing c:\users\quinn\projects\csgo\cs_interstate\cs_interstate.bsp
MSG_FILEWRITE - Filesystem was asked to write to 'c:\users\quinn\projects\csgo\cs_interstate\cs_interstate.bsp', but we don't own that location. Allowing...
4 seconds elapsed



24 threads
reading c:\users\quinn\projects\csgo\cs_interstate\cs_interstate.bsp
reading c:\users\quinn\projects\csgo\cs_interstate\cs_interstate.prt
1279 portalclusters
3562 numportals
0...1...2...3...4...5...6...7...8...9...10Optimized: 40371 visible clusters (0.00%)
Total clusters visible: 1411789
Average clusters visible: 1103
Building PAS...
Average clusters audible: 1273
visdatasize:413917  compressed from 409280
writing c:\users\quinn\projects\csgo\cs_interstate\cs_interstate.bsp
MSG_FILEWRITE - Filesystem was asked to write to 'c:\users\quinn\projects\csgo\cs_interstate\cs_interstate.bsp', but we don't own that location. Allowing...
0 seconds elapsed



[Reading texlights from 'lights.rad']
[40 texlights parsed from 'lights.rad']

Loading c:\users\quinn\projects\csgo\cs_interstate\cs_interstate.bsp
5982 faces
8866528 square feet [1276780032.00 square inches]
199 Displacements
1486164 Square Feet [214007680.00 Square Inches]
5982 patches before subdivision
173942 patches after subdivision
49 direct lights
0...1...2...3...4...5...6...7...8...9...100...1...2...3...4...5...6...7...8...9...10transfers 13956545, max 800
transfer lists: 106.5 megs
0...1...2...3...4...5...6...7...8...9...10	Bounce #1 added RGB(298582, 329095, 363579)
0...1...2...3...4...5...6...7...8...9...10	Bounce #2 added RGB(37177, 34096, 30747)
Build Patch/Sample Hash Table(s).....Done<0.0460 sec>
0...1...2...3...4...5...6...7...8...9...10FinalLightFace Done
0 of 0 (0% of) surface lights went in leaf ambient cubes.
0...1...2...3...4...5...6...7...8...9...10Writing leaf ambient...done
Computing static prop lighting : 00...1...2...3...4...5...6...7...8...9...10
Ready to Finish

Object names       Objects/Maxobjs  Memory / Maxmem  Fullness 
------------       ---------------  ---------------  -------- 
models                  29/1024         1392/49152    ( 2.8%) 
brushes               1076/8192        12912/98304    (13.1%) 
brushsides            8387/81920       67096/655360   (10.2%) 
planes                4836/65536       96720/1310720  ( 7.4%) 
vertexes              8375/65536      100500/786432   (12.8%) 
nodes                 3075/65536       98400/2097152  ( 4.7%) 
texinfos              1444/12288      103968/884736   (11.8%) 
texdata                165/4096         5280/131072   ( 4.0%) 
dispinfos              199/0           35024/0        ( 0.0%) 
disp_verts            6151/0          123020/0        ( 0.0%) 
disp_tris             8384/0           16768/0        ( 0.0%) 
disp_multiblend          0/0               0/0        ( 0.0%) 
disp_lmsamples     3191496/0         3191496/0        ( 0.0%) 
faces                 5982/65536      334992/3670016  ( 9.1%) 
hdr faces                0/65536           0/3670016  ( 0.0%) 
origfaces             3038/65536      170128/3670016  ( 4.6%) 
facebrushes           1121/0            2242/0        ( 0.0%) 
facebrushlists        5982/0           23928/0        ( 0.0%) 
leaves                3105/65536       99360/2097152  ( 4.7%) 
leaffaces             6767/65536       13534/131072   (10.3%) 
leafbrushes           2977/65536        5954/131072   ( 4.5%) 
areas                    2/1024           16/8192     ( 0.2%) 
surfedges            39622/512000     158488/2048000  ( 7.7%) 
edges                23493/256000      93972/1024000  ( 9.2%) 
LDR worldlights         49/8192         4900/819200   ( 0.6%) 
HDR worldlights          0/8192            0/819200   ( 0.0%) 
leafwaterdata            1/32768          12/393216   ( 0.0%) 
waterstrips            356/32768        3560/327680   ( 1.1%) 
waterverts               0/65536           0/786432   ( 0.0%) 
waterindices          7725/65536       15450/131072   (11.8%) 
cubemapsamples          33/1024          528/16384    ( 3.2%) 
overlays                33/1024        11616/360448   ( 3.2%) 
LDR lightdata         [variable]    21715780/0        ( 0.0%) 
HDR lightdata         [variable]           0/0        ( 0.0%) 
visdata               [variable]      413917/16777216 ( 2.5%) 
entdata               [variable]       61383/393216   (15.6%) 
LDR ambient table     3105/65536       12420/262144   ( 4.7%) 
HDR ambient table     3105/65536       12420/262144   ( 4.7%) 
LDR leaf ambient     15065/65536      421820/1835008  (23.0%) 
HDR leaf ambient      3105/65536       86940/1835008  ( 4.7%) 
occluders                0/0               0/0        ( 0.0%) 
occluder polygons        0/0               0/0        ( 0.0%) 
occluder vert ind        0/0               0/0        ( 0.0%) 
detail props          [variable]           1/12       ( 8.3%) 
static props          [variable]           1/88464    ( 0.0%) 
pakfile               [variable]    13355809/0        ( 0.0%) 
physics               [variable]      413583/4194304  ( 9.9%) 
physics terrain       [variable]       27909/1048576  ( 2.7%) 

Level flags = 7d

Total triangle count: 15545
Writing c:\users\quinn\projects\csgo\cs_interstate\cs_interstate.bsp
MSG_FILEWRITE - Filesystem was asked to write to 'c:\users\quinn\projects\csgo\cs_interstate\cs_interstate.bsp', but we don't own that location. Allowing...
2 minutes, 17 seconds elapsed



materialPath: C:\Program Files (x86)\Steam\steamapps\common\Counter-Strike Global Offensive\csgo\materials
Loading c:\users\quinn\projects\csgo\cs_interstate\cs_interstate.vmf
Map revision 2820
Error: displacement found on a(n) func_detail entity - not supported (entity 11, brush 0)



materialPath: C:\Program Files (x86)\Steam\steamapps\common\Counter-Strike Global Offensive\csgo\materials
Loading c:\users\quinn\projects\csgo\cs_interstate\cs_interstate.vmf
Map revision 2821
Error: displacement found on a(n) func_detail entity - not supported (entity 11, brush 0)



materialPath: C:\Program Files (x86)\Steam\steamapps\common\Counter-Strike Global Offensive\csgo\materials
Loading c:\users\quinn\projects\csgo\cs_interstate\cs_interstate.vmf
Map revision 2822
Can't find surfaceprop WoodWood_Lowdensity for material Q_CUSTOM/CORK, using default
Patching WVT material: maps/cs_interstate/concrete/hr_c/hr_concrete_floor_05_blend_wvt_patch
Patching WVT material: maps/cs_interstate/hr_massive/ground_rockwall_blend_2_nograss_wvt_patch
Patching WVT material: maps/cs_interstate/asphalt/hr_c/hr_asphalt_gravel_blend_001_wvt_patch
Patching WVT material: maps/cs_interstate/concrete/hr_vertigo_concrete_wallc_blend_wvt_patch
fixing up env_cubemap materials on brush sides...
0...1...2...3...4...5...6...7...8...9...100...1...2...3...4...5...6...7...8...9...10Processing areas...done (0)
Building Faces...done (0)
Chop Details...done (0)
Find Visible Detail Sides...
Merged 38 detail faces...done (0)
Merging details...done (0)
FixTjuncs...
PruneNodes...
WriteBSP...
done (0)
writing c:\users\quinn\projects\csgo\cs_interstate\cs_interstate.prt...Building visibility clusters...
AutoVisClustering (threshold=-1) matched 0 leafs.
done (0)
Finding displacement neighbors...
Found a displacement edge abutting multiple other edges.
Finding lightmap sample positions...
Displacement Alpha : 0...1...2...3...4...5...6...7...8...9...10
Building Physics collision data...
done (0) (427440 bytes)
Placing detail props : 0...1...2...3...4...5...6...7...8...9...10
Water found with no water_lod_control entity, creating a default one.
Compacting texture/material tables...
Reduced 3067 texinfos to 1536
Reduced 201 texdatas to 167 (8850 bytes to 7330)
Writing c:\users\quinn\projects\csgo\cs_interstate\cs_interstate.bsp
MSG_FILEWRITE - Filesystem was asked to write to 'c:\users\quinn\projects\csgo\cs_interstate\cs_interstate.bsp', but we don't own that location. Allowing...
2 seconds elapsed



24 threads
reading c:\users\quinn\projects\csgo\cs_interstate\cs_interstate.bsp
reading c:\users\quinn\projects\csgo\cs_interstate\cs_interstate.prt
1269 portalclusters
3636 numportals
0...1...2...3...4...5...6...7...8...9...10Optimized: 40178 visible clusters (0.00%)
Total clusters visible: 1387364
Average clusters visible: 1093
Building PAS...
Average clusters audible: 1263
visdatasize:408907  compressed from 406080
writing c:\users\quinn\projects\csgo\cs_interstate\cs_interstate.bsp
MSG_FILEWRITE - Filesystem was asked to write to 'c:\users\quinn\projects\csgo\cs_interstate\cs_interstate.bsp', but we don't own that location. Allowing...
0 seconds elapsed



[Reading texlights from 'lights.rad']
[40 texlights parsed from 'lights.rad']

Loading c:\users\quinn\projects\csgo\cs_interstate\cs_interstate.bsp
5776 faces
8501163 square feet [1224167424.00 square inches]
216 Displacements
1504374 Square Feet [216629888.00 Square Inches]
5776 patches before subdivision
141966 patches after subdivision
49 direct lights
0...1...2...3...4...5...6...7...8...9...100...1...2...3...4...5...6...7...8...9...10transfers 11855269, max 874
transfer lists:  90.4 megs
0...1...2...3...4...5...6...7...8...9...10	Bounce #1 added RGB(342071, 332595, 320027)
0...1...2...3...4...5...6...7...8...9...10	Bounce #2 added RGB(47947, 34968, 27235)
Build Patch/Sample Hash Table(s).....Done<0.0387 sec>
0...1...2...3...4...5...6...7...8...9...10FinalLightFace Done
0 of 0 (0% of) surface lights went in leaf ambient cubes.
0...1...2...3...4...5...6...7...8...9...10Writing leaf ambient...done
Computing static prop lighting : 00...1...2...3...4...5...6...7...8...9...10
Ready to Finish

Object names       Objects/Maxobjs  Memory / Maxmem  Fullness 
------------       ---------------  ---------------  -------- 
models                  29/1024         1392/49152    ( 2.8%) 
brushes               1127/8192        13524/98304    (13.8%) 
brushsides            8748/81920       69984/655360   (10.7%) 
planes                5032/65536      100640/1310720  ( 7.7%) 
vertexes              8537/65536      102444/786432   (13.0%) 
nodes                 3070/65536       98240/2097152  ( 4.7%) 
texinfos              1536/12288      110592/884736   (12.5%) 
texdata                167/4096         5344/131072   ( 4.1%) 
dispinfos              216/0           38016/0        ( 0.0%) 
disp_verts            6632/0          132640/0        ( 0.0%) 
disp_tris             9024/0           18048/0        ( 0.0%) 
disp_multiblend          0/0               0/0        ( 0.0%) 
disp_lmsamples     3227848/0         3227848/0        ( 0.0%) 
faces                 5776/65536      323456/3670016  ( 8.8%) 
hdr faces                0/65536           0/3670016  ( 0.0%) 
origfaces             3248/65536      181888/3670016  ( 5.0%) 
facebrushes           1145/0            2290/0        ( 0.0%) 
facebrushlists        5776/0           23104/0        ( 0.0%) 
leaves                3100/65536       99200/2097152  ( 4.7%) 
leaffaces             6698/65536       13396/131072   (10.2%) 
leafbrushes           2867/65536        5734/131072   ( 4.4%) 
areas                    2/1024           16/8192     ( 0.2%) 
surfedges            39796/512000     159184/2048000  ( 7.8%) 
edges                23798/256000      95192/1024000  ( 9.3%) 
LDR worldlights         49/8192         4900/819200   ( 0.6%) 
HDR worldlights          0/8192            0/819200   ( 0.0%) 
leafwaterdata            1/32768          12/393216   ( 0.0%) 
waterstrips            384/32768        3840/327680   ( 1.2%) 
waterverts               0/65536           0/786432   ( 0.0%) 
waterindices          8190/65536       16380/131072   (12.5%) 
cubemapsamples          33/1024          528/16384    ( 3.2%) 
overlays                33/1024        11616/360448   ( 3.2%) 
LDR lightdata         [variable]    19971224/0        ( 0.0%) 
HDR lightdata         [variable]           0/0        ( 0.0%) 
visdata               [variable]      408907/16777216 ( 2.4%) 
entdata               [variable]       61384/393216   (15.6%) 
LDR ambient table     3100/65536       12400/262144   ( 4.7%) 
HDR ambient table     3100/65536       12400/262144   ( 4.7%) 
LDR leaf ambient     14790/65536      414120/1835008  (22.6%) 
HDR leaf ambient      3100/65536       86800/1835008  ( 4.7%) 
occluders                0/0               0/0        ( 0.0%) 
occluder polygons        0/0               0/0        ( 0.0%) 
occluder vert ind        0/0               0/0        ( 0.0%) 
detail props          [variable]           1/12       ( 8.3%) 
static props          [variable]           1/79474    ( 0.0%) 
pakfile               [variable]     8482012/0        ( 0.0%) 
physics               [variable]      427440/4194304  (10.2%) 
physics terrain       [variable]       27606/1048576  ( 2.6%) 

Level flags = 7d

Total triangle count: 15303
Writing c:\users\quinn\projects\csgo\cs_interstate\cs_interstate.bsp
MSG_FILEWRITE - Filesystem was asked to write to 'c:\users\quinn\projects\csgo\cs_interstate\cs_interstate.bsp', but we don't own that location. Allowing...
1 minute, 3 seconds elapsed



materialPath: C:\Program Files (x86)\Steam\steamapps\common\Counter-Strike Global Offensive\csgo\materials
Loading c:\users\quinn\projects\csgo\cs_interstate\cs_interstate.vmf
Map revision 2826
Can't find surfaceprop WoodWood_Lowdensity for material Q_CUSTOM/CORK, using default
Patching WVT material: maps/cs_interstate/concrete/hr_c/hr_concrete_floor_05_blend_wvt_patch
Patching WVT material: maps/cs_interstate/hr_massive/ground_rockwall_blend_2_nograss_wvt_patch
Patching WVT material: maps/cs_interstate/asphalt/hr_c/hr_asphalt_gravel_blend_001_wvt_patch
Patching WVT material: maps/cs_interstate/concrete/hr_vertigo_concrete_wallc_blend_wvt_patch
fixing up env_cubemap materials on brush sides...
0...1...2...3...4...5...6...7...8...9...100...1...2...3...4...5...6...7...8...9...10Processing areas...done (0)
Building Faces...done (0)
Chop Details...done (0)
Find Visible Detail Sides...
Merged 38 detail faces...done (0)
Merging details...done (0)
FixTjuncs...
PruneNodes...
WriteBSP...
done (0)
writing c:\users\quinn\projects\csgo\cs_interstate\cs_interstate.prt...Building visibility clusters...
AutoVisClustering (threshold=-1) matched 0 leafs.
done (0)
Finding displacement neighbors...
Found a displacement edge abutting multiple other edges.
Finding lightmap sample positions...
Displacement Alpha : 0...1...2...3...4...5...6...7...8...9...10
Building Physics collision data...
done (0) (427784 bytes)
Placing detail props : 0...1...2...3...4...5...6...7...8...9...10
Water found with no water_lod_control entity, creating a default one.
Compacting texture/material tables...
Reduced 3069 texinfos to 1538
Reduced 201 texdatas to 167 (8850 bytes to 7330)
Writing c:\users\quinn\projects\csgo\cs_interstate\cs_interstate.bsp
MSG_FILEWRITE - Filesystem was asked to write to 'c:\users\quinn\projects\csgo\cs_interstate\cs_interstate.bsp', but we don't own that location. Allowing...
2 seconds elapsed



24 threads
reading c:\users\quinn\projects\csgo\cs_interstate\cs_interstate.bsp
reading c:\users\quinn\projects\csgo\cs_interstate\cs_interstate.prt
1269 portalclusters
3636 numportals
0...1...2...3...4...5...6...7...8...9...10Optimized: 40216 visible clusters (0.00%)
Total clusters visible: 1387286
Average clusters visible: 1093
Building PAS...
Average clusters audible: 1263
visdatasize:408905  compressed from 406080
writing c:\users\quinn\projects\csgo\cs_interstate\cs_interstate.bsp
MSG_FILEWRITE - Filesystem was asked to write to 'c:\users\quinn\projects\csgo\cs_interstate\cs_interstate.bsp', but we don't own that location. Allowing...
0 seconds elapsed



[Reading texlights from 'lights.rad']
[40 texlights parsed from 'lights.rad']

Loading c:\users\quinn\projects\csgo\cs_interstate\cs_interstate.bsp
5780 faces
8501540 square feet [1224221696.00 square inches]
216 Displacements
1504349 Square Feet [216626272.00 Square Inches]
5780 patches before subdivision
142010 patches after subdivision
49 direct lights
0...1...2...3...4...5...6...7...8...9...100...1...2...3...4...5...6...7...8...9...10transfers 11868566, max 873
transfer lists:  90.5 megs
0...1...2...3...4...5...6...7...8...9...10	Bounce #1 added RGB(340797, 331799, 319399)
0...1...2...3...4...5...6...7...8...9...10	Bounce #2 added RGB(47824, 34833, 27068)
Build Patch/Sample Hash Table(s).....Done<0.0371 sec>
0...1...2...3...4...5...6...7...8...9...10FinalLightFace Done
0 of 0 (0% of) surface lights went in leaf ambient cubes.
0...1...2...3...4...5...6...7...8...9...10Writing leaf ambient...done
Computing static prop lighting : 00...1...2...3...4...5...6...7...8...9...10
Ready to Finish

Object names       Objects/Maxobjs  Memory / Maxmem  Fullness 
------------       ---------------  ---------------  -------- 
models                  29/1024         1392/49152    ( 2.8%) 
brushes               1125/8192        13500/98304    (13.7%) 
brushsides            8735/81920       69880/655360   (10.7%) 
planes                5030/65536      100600/1310720  ( 7.7%) 
vertexes              8539/65536      102468/786432   (13.0%) 
nodes                 3070/65536       98240/2097152  ( 4.7%) 
texinfos              1538/12288      110736/884736   (12.5%) 
texdata                167/4096         5344/131072   ( 4.1%) 
dispinfos              216/0           38016/0        ( 0.0%) 
disp_verts            6632/0          132640/0        ( 0.0%) 
disp_tris             9024/0           18048/0        ( 0.0%) 
disp_multiblend          0/0               0/0        ( 0.0%) 
disp_lmsamples     3227848/0         3227848/0        ( 0.0%) 
faces                 5780/65536      323680/3670016  ( 8.8%) 
hdr faces                0/65536           0/3670016  ( 0.0%) 
origfaces             3252/65536      182112/3670016  ( 5.0%) 
facebrushes           1145/0            2290/0        ( 0.0%) 
facebrushlists        5780/0           23120/0        ( 0.0%) 
leaves                3100/65536       99200/2097152  ( 4.7%) 
leaffaces             6686/65536       13372/131072   (10.2%) 
leafbrushes           2864/65536        5728/131072   ( 4.4%) 
areas                    2/1024           16/8192     ( 0.2%) 
surfedges            39828/512000     159312/2048000  ( 7.8%) 
edges                23814/256000      95256/1024000  ( 9.3%) 
LDR worldlights         49/8192         4900/819200   ( 0.6%) 
HDR worldlights          0/8192            0/819200   ( 0.0%) 
leafwaterdata            1/32768          12/393216   ( 0.0%) 
waterstrips            384/32768        3840/327680   ( 1.2%) 
waterverts               0/65536           0/786432   ( 0.0%) 
waterindices          8190/65536       16380/131072   (12.5%) 
cubemapsamples          33/1024          528/16384    ( 3.2%) 
overlays                33/1024        11616/360448   ( 3.2%) 
LDR lightdata         [variable]    19973088/0        ( 0.0%) 
HDR lightdata         [variable]           0/0        ( 0.0%) 
visdata               [variable]      408905/16777216 ( 2.4%) 
entdata               [variable]       61384/393216   (15.6%) 
LDR ambient table     3100/65536       12400/262144   ( 4.7%) 
HDR ambient table     3100/65536       12400/262144   ( 4.7%) 
LDR leaf ambient     14797/65536      414316/1835008  (22.6%) 
HDR leaf ambient      3100/65536       86800/1835008  ( 4.7%) 
occluders                0/0               0/0        ( 0.0%) 
occluder polygons        0/0               0/0        ( 0.0%) 
occluder vert ind        0/0               0/0        ( 0.0%) 
detail props          [variable]           1/12       ( 8.3%) 
static props          [variable]           1/79374    ( 0.0%) 
pakfile               [variable]     8471676/0        ( 0.0%) 
physics               [variable]      427784/4194304  (10.2%) 
physics terrain       [variable]       27606/1048576  ( 2.6%) 

Level flags = 7d

Total triangle count: 15311
Writing c:\users\quinn\projects\csgo\cs_interstate\cs_interstate.bsp
MSG_FILEWRITE - Filesystem was asked to write to 'c:\users\quinn\projects\csgo\cs_interstate\cs_interstate.bsp', but we don't own that location. Allowing...
1 minute, 2 seconds elapsed



materialPath: C:\Program Files (x86)\Steam\steamapps\common\Counter-Strike Global Offensive\csgo\materials
Loading c:\users\quinn\projects\csgo\cs_interstate\cs_interstate.vmf
Map revision 2896
Can't find surfaceprop WoodWood_Lowdensity for material Q_CUSTOM/CORK, using default
Patching WVT material: maps/cs_interstate/concrete/hr_c/hr_concrete_floor_05_blend_wvt_patch
Patching WVT material: maps/cs_interstate/hr_massive/ground_rockwall_blend_2_nograss_wvt_patch
Patching WVT material: maps/cs_interstate/asphalt/hr_c/hr_asphalt_gravel_blend_001_wvt_patch
Patching WVT material: maps/cs_interstate/concrete/hr_vertigo_concrete_wallc_blend_wvt_patch
fixing up env_cubemap materials on brush sides...
0...1...2...3...4...5...6...7...8...9...100...1...2...3...4...5...6...7...8...9...10Processing areas...done (0)
Building Faces...done (0)
Chop Details...done (0)
Find Visible Detail Sides...
Merged 40 detail faces...done (0)
Merging details...done (0)
FixTjuncs...
PruneNodes...
WriteBSP...
done (0)
writing c:\users\quinn\projects\csgo\cs_interstate\cs_interstate.prt...Building visibility clusters...
AutoVisClustering (threshold=-1) matched 0 leafs.
done (0)
Finding displacement neighbors...
Found a displacement edge abutting multiple other edges.
Finding lightmap sample positions...
Displacement Alpha : 0...1...2...3...4...5...6...7...8...9...10
Building Physics collision data...
done (1) (441312 bytes)
Placing detail props : 0...1...2...3...4...5...6...7...8...9...10
Water found with no water_lod_control entity, creating a default one.
Compacting texture/material tables...
Reduced 3189 texinfos to 1613
Reduced 202 texdatas to 168 (8868 bytes to 7348)
Writing c:\users\quinn\projects\csgo\cs_interstate\cs_interstate.bsp
MSG_FILEWRITE - Filesystem was asked to write to 'c:\users\quinn\projects\csgo\cs_interstate\cs_interstate.bsp', but we don't own that location. Allowing...
3 seconds elapsed



24 threads
reading c:\users\quinn\projects\csgo\cs_interstate\cs_interstate.bsp
reading c:\users\quinn\projects\csgo\cs_interstate\cs_interstate.prt
1297 portalclusters
3745 numportals
0...1...2...3...4...5...6...7...8...9...10Optimized: 41879 visible clusters (0.00%)
Total clusters visible: 1452049
Average clusters visible: 1119
Building PAS...
Average clusters audible: 1291
visdatasize:427803  compressed from 435792
writing c:\users\quinn\projects\csgo\cs_interstate\cs_interstate.bsp
MSG_FILEWRITE - Filesystem was asked to write to 'c:\users\quinn\projects\csgo\cs_interstate\cs_interstate.bsp', but we don't own that location. Allowing...
0 seconds elapsed



[Reading texlights from 'lights.rad']
[40 texlights parsed from 'lights.rad']

Loading c:\users\quinn\projects\csgo\cs_interstate\cs_interstate.bsp
5857 faces
8506645 square feet [1224956928.00 square inches]
214 Displacements
1505156 Square Feet [216742528.00 Square Inches]
5857 patches before subdivision
142899 patches after subdivision
49 direct lights
0...1...2...3...4...5...6...7...8...9...100...1...2...3...4...5...6...7...8...9...10transfers 11782676, max 873
transfer lists:  89.9 megs
0...1...2...3...4...5...6...7...8...9...10	Bounce #1 added RGB(336058, 330562, 319869)
0...1...2...3...4...5...6...7...8...9...10	Bounce #2 added RGB(46054, 34413, 26907)
Build Patch/Sample Hash Table(s).....Done<0.0397 sec>
0...1...2...3...4...5...6...7...8...9...10FinalLightFace Done
0 of 0 (0% of) surface lights went in leaf ambient cubes.
0...1...2...3...4...5...6...7...8...9...10Writing leaf ambient...done
Computing static prop lighting : 00...1...2...3...4...5...6...7...8...9...10
Ready to Finish

Object names       Objects/Maxobjs  Memory / Maxmem  Fullness 
------------       ---------------  ---------------  -------- 
models                  29/1024         1392/49152    ( 2.8%) 
brushes               1152/8192        13824/98304    (14.1%) 
brushsides            8942/81920       71536/655360   (10.9%) 
planes                5174/65536      103480/1310720  ( 7.9%) 
vertexes              8651/65536      103812/786432   (13.2%) 
nodes                 3121/65536       99872/2097152  ( 4.8%) 
texinfos              1613/12288      116136/884736   (13.1%) 
texdata                168/4096         5376/131072   ( 4.1%) 
dispinfos              214/0           37664/0        ( 0.0%) 
disp_verts            6582/0          131640/0        ( 0.0%) 
disp_tris             8960/0           17920/0        ( 0.0%) 
disp_multiblend          0/0               0/0        ( 0.0%) 
disp_lmsamples     3229572/0         3229572/0        ( 0.0%) 
faces                 5857/65536      327992/3670016  ( 8.9%) 
hdr faces                0/65536           0/3670016  ( 0.0%) 
origfaces             3319/65536      185864/3670016  ( 5.1%) 
facebrushes           1156/0            2312/0        ( 0.0%) 
facebrushlists        5857/0           23428/0        ( 0.0%) 
leaves                3151/65536      100832/2097152  ( 4.8%) 
leaffaces             6777/65536       13554/131072   (10.3%) 
leafbrushes           3066/65536        6132/131072   ( 4.7%) 
areas                    2/1024           16/8192     ( 0.2%) 
surfedges            40539/512000     162156/2048000  ( 7.9%) 
edges                24220/256000      96880/1024000  ( 9.5%) 
LDR worldlights         49/8192         4900/819200   ( 0.6%) 
HDR worldlights          0/8192            0/819200   ( 0.0%) 
leafwaterdata            1/32768          12/393216   ( 0.0%) 
waterstrips            413/32768        4130/327680   ( 1.3%) 
waterverts               0/65536           0/786432   ( 0.0%) 
waterindices          8580/65536       17160/131072   (13.1%) 
cubemapsamples          33/1024          528/16384    ( 3.2%) 
overlays                33/1024        11616/360448   ( 3.2%) 
LDR lightdata         [variable]    20119752/0        ( 0.0%) 
HDR lightdata         [variable]           0/0        ( 0.0%) 
visdata               [variable]      427803/16777216 ( 2.5%) 
entdata               [variable]       61384/393216   (15.6%) 
LDR ambient table     3151/65536       12604/262144   ( 4.8%) 
HDR ambient table     3151/65536       12604/262144   ( 4.8%) 
LDR leaf ambient     15212/65536      425936/1835008  (23.2%) 
HDR leaf ambient      3151/65536       88228/1835008  ( 4.8%) 
occluders                0/0               0/0        ( 0.0%) 
occluder polygons        0/0               0/0        ( 0.0%) 
occluder vert ind        0/0               0/0        ( 0.0%) 
detail props          [variable]           1/12       ( 8.3%) 
static props          [variable]           1/81736    ( 0.0%) 
pakfile               [variable]     8988988/0        ( 0.0%) 
physics               [variable]      441312/4194304  (10.5%) 
physics terrain       [variable]       27850/1048576  ( 2.7%) 

Level flags = 7d

Total triangle count: 15599
Writing c:\users\quinn\projects\csgo\cs_interstate\cs_interstate.bsp
MSG_FILEWRITE - Filesystem was asked to write to 'c:\users\quinn\projects\csgo\cs_interstate\cs_interstate.bsp', but we don't own that location. Allowing...
1 minute, 5 seconds elapsed



materialPath: C:\Program Files (x86)\Steam\steamapps\common\Counter-Strike Global Offensive\csgo\materials
Loading c:\users\quinn\projects\csgo\cs_interstate\cs_interstate.vmf
Map revision 2900
Can't find surfaceprop WoodWood_Lowdensity for material Q_CUSTOM/CORK, using default
Patching WVT material: maps/cs_interstate/concrete/hr_c/hr_concrete_floor_05_blend_wvt_patch
Patching WVT material: maps/cs_interstate/hr_massive/ground_rockwall_blend_2_nograss_wvt_patch
Patching WVT material: maps/cs_interstate/asphalt/hr_c/hr_asphalt_gravel_blend_001_wvt_patch
Patching WVT material: maps/cs_interstate/concrete/hr_vertigo_concrete_wallc_blend_wvt_patch
fixing up env_cubemap materials on brush sides...
0...1...2...3...4...5...6...7...8...9...100...1...2...3...4...5...6...7...8...9...10Processing areas...done (0)
Building Faces...done (0)
Chop Details...done (0)
Find Visible Detail Sides...
Merged 40 detail faces...done (0)
Merging details...done (0)
FixTjuncs...
PruneNodes...
WriteBSP...
done (0)
writing c:\users\quinn\projects\csgo\cs_interstate\cs_interstate.prt...Building visibility clusters...
AutoVisClustering (threshold=-1) matched 0 leafs.
done (0)
Finding displacement neighbors...
Found a displacement edge abutting multiple other edges.
Finding lightmap sample positions...
Displacement Alpha : 0...1...2...3...4...5...6...7...8...9...10
Building Physics collision data...
done (0) (442880 bytes)
Placing detail props : 0...1...2...3...4...5...6...7...8...9...10
Water found with no water_lod_control entity, creating a default one.
Compacting texture/material tables...
Reduced 3194 texinfos to 1613
Reduced 202 texdatas to 168 (8868 bytes to 7348)
Writing c:\users\quinn\projects\csgo\cs_interstate\cs_interstate.bsp
MSG_FILEWRITE - Filesystem was asked to write to 'c:\users\quinn\projects\csgo\cs_interstate\cs_interstate.bsp', but we don't own that location. Allowing...
2 seconds elapsed



24 threads
reading c:\users\quinn\projects\csgo\cs_interstate\cs_interstate.bsp
reading c:\users\quinn\projects\csgo\cs_interstate\cs_interstate.prt
1297 portalclusters
3745 numportals
0...1...2...3...4...5...6...7...8...9...10Optimized: 41879 visible clusters (0.00%)
Total clusters visible: 1452049
Average clusters visible: 1119
Building PAS...
Average clusters audible: 1291
visdatasize:427803  compressed from 435792
writing c:\users\quinn\projects\csgo\cs_interstate\cs_interstate.bsp
MSG_FILEWRITE - Filesystem was asked to write to 'c:\users\quinn\projects\csgo\cs_interstate\cs_interstate.bsp', but we don't own that location. Allowing...
0 seconds elapsed



[Reading texlights from 'lights.rad']
[40 texlights parsed from 'lights.rad']

Loading c:\users\quinn\projects\csgo\cs_interstate\cs_interstate.bsp
5857 faces
8506645 square feet [1224956928.00 square inches]
214 Displacements
1505156 Square Feet [216742528.00 Square Inches]
5857 patches before subdivision
142899 patches after subdivision
49 direct lights
0...1...2...3...4...5...6...7...8...9...100...1...2...3...4...5...6...7...8...9...10transfers 11281485, max 860
transfer lists:  86.1 megs
0...1...2...3...4...5...6...7...8...9...10	Bounce #1 added RGB(323859, 321510, 313913)
0...1...2...3...4...5...6...7...8...9...10	Bounce #2 added RGB(44104, 33662, 26565)
Build Patch/Sample Hash Table(s).....Done<0.0375 sec>
0...1...2...3...4...5...6...7...8...9...10FinalLightFace Done
0 of 0 (0% of) surface lights went in leaf ambient cubes.
0...1...2...3...4...5...6...7...8...9...10Writing leaf ambient...done
Computing static prop lighting : 00...1...2...3...4...5...6...7...8...9...10
Ready to Finish

Object names       Objects/Maxobjs  Memory / Maxmem  Fullness 
------------       ---------------  ---------------  -------- 
models                  29/1024         1392/49152    ( 2.8%) 
brushes               1154/8192        13848/98304    (14.1%) 
brushsides            8956/81920       71648/655360   (10.9%) 
planes                5182/65536      103640/1310720  ( 7.9%) 
vertexes              8651/65536      103812/786432   (13.2%) 
nodes                 3121/65536       99872/2097152  ( 4.8%) 
texinfos              1613/12288      116136/884736   (13.1%) 
texdata                168/4096         5376/131072   ( 4.1%) 
dispinfos              214/0           37664/0        ( 0.0%) 
disp_verts            6582/0          131640/0        ( 0.0%) 
disp_tris             8960/0           17920/0        ( 0.0%) 
disp_multiblend          0/0               0/0        ( 0.0%) 
disp_lmsamples     3229572/0         3229572/0        ( 0.0%) 
faces                 5857/65536      327992/3670016  ( 8.9%) 
hdr faces                0/65536           0/3670016  ( 0.0%) 
origfaces             3319/65536      185864/3670016  ( 5.1%) 
facebrushes           1156/0            2312/0        ( 0.0%) 
facebrushlists        5857/0           23428/0        ( 0.0%) 
leaves                3151/65536      100832/2097152  ( 4.8%) 
leaffaces             6777/65536       13554/131072   (10.3%) 
leafbrushes           3073/65536        6146/131072   ( 4.7%) 
areas                    2/1024           16/8192     ( 0.2%) 
surfedges            40539/512000     162156/2048000  ( 7.9%) 
edges                24220/256000      96880/1024000  ( 9.5%) 
LDR worldlights         49/8192         4900/819200   ( 0.6%) 
HDR worldlights          0/8192            0/819200   ( 0.0%) 
leafwaterdata            1/32768          12/393216   ( 0.0%) 
waterstrips            413/32768        4130/327680   ( 1.3%) 
waterverts               0/65536           0/786432   ( 0.0%) 
waterindices          8580/65536       17160/131072   (13.1%) 
cubemapsamples          33/1024          528/16384    ( 3.2%) 
overlays                33/1024        11616/360448   ( 3.2%) 
LDR lightdata         [variable]    20119752/0        ( 0.0%) 
HDR lightdata         [variable]           0/0        ( 0.0%) 
visdata               [variable]      427803/16777216 ( 2.5%) 
entdata               [variable]       61384/393216   (15.6%) 
LDR ambient table     3151/65536       12604/262144   ( 4.8%) 
HDR ambient table     3151/65536       12604/262144   ( 4.8%) 
LDR leaf ambient     15202/65536      425656/1835008  (23.2%) 
HDR leaf ambient      3151/65536       88228/1835008  ( 4.8%) 
occluders                0/0               0/0        ( 0.0%) 
occluder polygons        0/0               0/0        ( 0.0%) 
occluder vert ind        0/0               0/0        ( 0.0%) 
detail props          [variable]           1/12       ( 8.3%) 
static props          [variable]           1/87878    ( 0.0%) 
pakfile               [variable]    14030076/0        ( 0.0%) 
physics               [variable]      442880/4194304  (10.6%) 
physics terrain       [variable]       27850/1048576  ( 2.7%) 

Level flags = 7d

Total triangle count: 15599
Writing c:\users\quinn\projects\csgo\cs_interstate\cs_interstate.bsp
MSG_FILEWRITE - Filesystem was asked to write to 'c:\users\quinn\projects\csgo\cs_interstate\cs_interstate.bsp', but we don't own that location. Allowing...
2 minutes, 38 seconds elapsed
